app/proguard-rules.pro
# ExoPlayer
-keep class com.google.android.exoplayer2.** { *; }
-dontwarn com.google.android.exoplayer2.**

# Kotlinx Serialization
-keepattributes *Annotation*, InnerClasses
-dontnote kotlinx.serialization.AnnotationsKt
-keepclassmembers class kotlinx.serialization.json.** {
    *** Companion;
}
-keepclasseswithmembers class kotlinx.serialization.json.** {
    kotlinx.serialization.KSerializer serializer(...);
}
-keep,includedescriptorclasses class com.maxiptv.**$$serializer { *; }
-keepclassmembers class com.maxiptv.** {
    *** Companion;
}
-keepclasseswithmembers class com.maxiptv.** {
    kotlinx.serialization.KSerializer serializer(...);
}

# Keep data classes
-keep class com.maxiptv.data.** { *; }

# Retrofit
-keepattributes Signature, InnerClasses, EnclosingMethod
-keepattributes RuntimeVisibleAnnotations, RuntimeVisibleParameterAnnotations
-keepattributes AnnotationDefault
-keepclassmembers,allowshrinking,allowobfuscation interface * {
    @retrofit2.http.* <methods>;
}
-dontwarn org.codehaus.mojo.animal_sniffer.IgnoreJRERequirement
-dontwarn javax.annotation.**
-dontwarn kotlin.Unit
-dontwarn retrofit2.KotlinExtensions
-dontwarn retrofit2.KotlinExtensions$*
-if interface * { @retrofit2.http.* <methods>; }
-keep,allowobfuscation interface <1>
-if interface * { @retrofit2.http.* <methods>; }
-keep,allowobfuscation interface * extends <1>
-keep,allowobfuscation,allowshrinking class kotlin.coroutines.Continuation
-if interface * { @retrofit2.http.* public *** *(...); }
-keep,allowoptimization,allowshrinking,allowobfuscation class <3>
-keep,allowobfuscation,allowshrinking class retrofit2.Response

# OkHttp
-dontwarn okhttp3.**
-dontwarn okio.**
-keepnames class okhttp3.internal.publicsuffix.PublicSuffixDatabase

# Preserve generic signatures
-keepattributes Signature
-keep class kotlin.Metadata { *; }