app/build/outputs/mapping/release/seeds.txt
com.maxiptv.data.PlayerSettingsManager$getMaxVolume$1
com.maxiptv.data.FeaturedItem
com.maxiptv.data.UpdateInfo$Companion
com.maxiptv.data.DeviceFingerprint
com.maxiptv.data.XtreamApi$DefaultImpls
com.maxiptv.data.AuthResponse
com.maxiptv.data.CacheManager$saveVodCache$2
com.maxiptv.data.SessionManager$saveSessions$1
com.maxiptv.data.UserManager$setCurrentUser$1
com.maxiptv.data.ClientCodeManager$markSimpleCodeAsUsed$1
com.maxiptv.data.SessionManager$fetchSessions$1$JsonBinResponse$Companion
com.maxiptv.data.SessionManager$validateUser$2
com.maxiptv.data.SessionManager$removeClientCode$2$1$JsonBinResponse$Companion
com.maxiptv.data.FavoritesManager$addFavoriteSeries$1
com.maxiptv.data.SessionManager$removeClientCode$2$1$JsonBinResponse$$serializer
com.maxiptv.data.SessionManager$saveSessions$1$1$JsonBinResponse$Companion
com.maxiptv.data.ClientCodeManager$createSimpleCode$2
com.maxiptv.data.XRepo$loadVodInfo$1
com.maxiptv.data.UserManager$getDeviceId$1
com.maxiptv.data.UpdateManager
com.maxiptv.data.UserManager$forceLogout$1
com.maxiptv.data.ClientCodeManager$registerInAFTVnews$response$1
com.maxiptv.data.SessionsDatabase$Companion
com.maxiptv.data.FavoritesManager$getFavoritesCount$1
com.maxiptv.data.SeriesCategory$Companion
com.maxiptv.data.UpdateManager$json$1
com.maxiptv.data.ApkDownloader
com.maxiptv.data.SessionManager$saveUser$2
com.maxiptv.data.UserManager$logout$2
com.maxiptv.data.ActiveSession$Companion
com.maxiptv.data.GlobalUser$$serializer
com.maxiptv.data.SettingsRepo$isCacheValid$1
com.maxiptv.data.Season
com.maxiptv.data.FavoritesManager$getFavoriteMovies$1
com.maxiptv.data.UserManager$login$1
com.maxiptv.data.PlayerSettingsManager$setMaxVolume$1
com.maxiptv.data.UpdateInfo$$serializer
com.maxiptv.data.SettingsRepo$updateCacheTime$2
com.maxiptv.data.LiveCategory$$serializer
com.maxiptv.data.SearchManager$searchChannels$$inlined$sortedBy$1
com.maxiptv.data.SessionManager$deleteUser$2
com.maxiptv.data.SearchManager$addToSearchHistory$1
com.maxiptv.data.EpgProgramme
com.maxiptv.data.SeriesItem$Companion
com.maxiptv.data.FavoritesManager$getFavoriteChannels$1
com.maxiptv.data.VodItem$$serializer
com.maxiptv.data.LiveStream$$serializer
com.maxiptv.data.DeviceLogger
com.maxiptv.data.XtreamApi
com.maxiptv.data.XRepo$ensureSeriesLoaded$1
com.maxiptv.data.UserManager$addUser$2
com.maxiptv.data.SeriesItem
com.maxiptv.data.XRepo$groupEpisodes$2
com.maxiptv.data.SessionManager$fetchSessions$1$JsonBinResponse
com.maxiptv.data.FavoritesManager$addFavoriteMovie$1
com.maxiptv.data.PlayerSettingsManager$setPlaybackSpeed$2
com.maxiptv.data.ClientCodeManager$removeSimpleCode$1
com.maxiptv.data.EpisodeGrouped
com.maxiptv.data.PlayerSettingsManager$setAutoPlay$1
com.maxiptv.data.DeviceLogger$logDevice$2
com.maxiptv.data.PlayerSettingsManager$setMaxVolume$2
com.maxiptv.data.XRepo$getSeriesInfoDirect$1
com.maxiptv.data.SessionManager$saveSessions$1$1$JsonBinResponse
com.maxiptv.data.PlayerSettingsManager$isAutoPlayEnabled$1
com.maxiptv.data.MediaGrouped
com.maxiptv.data.ClientCode$$serializer
com.maxiptv.data.PlayerSettingsManager$PlaybackSpeed
com.maxiptv.data.SessionManager$removeSimpleCode$2
com.maxiptv.data.UserAccount$Companion
com.maxiptv.data.ClientCode$Companion
com.maxiptv.data.SessionManager$saveSimpleCode$2
com.maxiptv.data.UpdateManager$checkForUpdate$2
com.maxiptv.data.VodInfo
com.maxiptv.data.UserManager$removeUser$1
com.maxiptv.data.XRepo$loadSeriesInfo$1
com.maxiptv.data.SettingsRepo$save$2
com.maxiptv.data.SessionManager$fetchSessions$1$JsonBinResponse$$serializer
com.maxiptv.data.FavoritesManager$removeFavoriteChannel$2
com.maxiptv.data.SessionManager$updateSimpleCode$2
com.maxiptv.data.CacheManager$saveVodCategories$2
com.maxiptv.data.SeriesCategory
com.maxiptv.data.PlayerSettingsManager$setVideoQuality$2
com.maxiptv.data.SettingsRepo$test$1
com.maxiptv.data.SessionManager$deleteUser$2$removed$1
com.maxiptv.data.SearchManager
com.maxiptv.data.SessionManager
com.maxiptv.data.FavoritesManager$clearAllFavorites$1
...
androidx.compose.ui.node.LayoutNode$UsageByParent: androidx.compose.ui.node.LayoutNode$UsageByParent valueOf(java.lang.String)
android.support.v4.media.AudioAttributesCompatParcelizer: androidx.media.AudioAttributesCompat read(androidx.versionedparcelable.VersionedParcel)
androidx.core.view.ViewCompat$Api21Impl: boolean dispatchNestedFling(android.view.View,float,float,boolean)
androidx.compose.ui.viewinterop.AndroidViewHolder: kotlin.jvm.functions.Function0 getUpdate()
androidx.compose.ui.layout.IntrinsicWidthHeight: androidx.compose.ui.layout.IntrinsicWidthHeight[] values()
androidx.recyclerview.widget.RecyclerView: androidx.recyclerview.widget.RecyclerView$OnFlingListener getOnFlingListener()
android.support.v4.media.MediaDescriptionCompat$Api21Impl: void setTitle(android.media.MediaDescription$Builder,java.lang.CharSequence)
androidx.compose.ui.text.android.CanvasCompatQ: void drawDoubleRoundRect(android.graphics.Canvas,android.graphics.RectF,float,float,android.graphics.RectF,float,float,android.graphics.Paint)
coil.decode.DataSource: coil.decode.DataSource valueOf(java.lang.String)
androidx.compose.ui.platform.AndroidComposeView: void getShowLayoutBounds$annotations()
android.support.v4.media.MediaDescriptionCompat$Api21Impl: android.net.Uri getIconUri(android.media.MediaDescription)
androidx.core.view.ViewCompat$Api21Impl: float getElevation(android.view.View)
androidx.compose.ui.platform.AndroidComposeView: void getLastMatrixRecalculationAnimationTime$ui_release$annotations()
androidx.vectordrawable.graphics.drawable.VectorDrawableCompat$VGroup: java.lang.String getGroupName()
androidx.recyclerview.widget.RecyclerView: void setEdgeEffectFactory(androidx.recyclerview.widget.RecyclerView$EdgeEffectFactory)
androidx.media3.ui.PlayerView: void setRepeatToggleModes(int)
androidx.datastore.preferences.protobuf.Writer$FieldOrder: androidx.datastore.preferences.protobuf.Writer$FieldOrder valueOf(java.lang.String)
kotlin.reflect.jvm.internal.impl.metadata.ProtoBuf$Type$Argument$Projection: kotlin.reflect.jvm.internal.impl.metadata.ProtoBuf$Type$Argument$Projection[] values()
kotlin.reflect.jvm.internal.impl.load.java.AnnotationQualifierApplicabilityType: kotlin.reflect.jvm.internal.impl.load.java.AnnotationQualifierApplicabilityType valueOf(java.lang.String)
androidx.lifecycle.ReportFragment$LifecycleCallbacks: void onActivityPaused(android.app.Activity)
androidx.media3.ui.PlayerView: void setControllerVisibilityListener(androidx.media3.ui.PlayerControlView$VisibilityListener)
androidx.compose.foundation.text.HandleState: androidx.compose.foundation.text.HandleState valueOf(java.lang.String)
androidx.compose.ui.text.input.CursorAnchorInfoApi34Helper: android.view.inputmethod.CursorAnchorInfo$Builder addVisibleLineBounds(android.view.inputmethod.CursorAnchorInfo$Builder,androidx.compose.ui.text.TextLayoutResult,androidx.compose.ui.geometry.Rect)
androidx.compose.ui.text.input.TextInputServiceAndroid$TextInputCommand: androidx.compose.ui.text.input.TextInputServiceAndroid$TextInputCommand valueOf(java.lang.String)
androidx.compose.ui.platform.ViewLayerVerificationHelper28: void setOutlineSpotShadowColor(android.view.View,int)
kotlin.collections.AbstractMutableSet: AbstractMutableSet()
okhttp3.internal.http2.ErrorCode: okhttp3.internal.http2.ErrorCode[] values()
androidx.core.view.ViewCompat$Api28Impl: void addOnUnhandledKeyEventListener(android.view.View,androidx.core.view.ViewCompat$OnUnhandledKeyEventListenerCompat)
androidx.media3.ui.PlayerView: void setPlayer(androidx.media3.common.Player)
androidx.core.view.ViewCompat$Api28Impl: void removeOnUnhandledKeyEventListener(android.view.View,androidx.core.view.ViewCompat$OnUnhandledKeyEventListenerCompat)
kotlin.reflect.jvm.internal.impl.load.java.descriptors.JavaMethodDescriptor$ParameterNamesStatus: kotlin.reflect.jvm.internal.impl.load.java.descriptors.JavaMethodDescriptor$ParameterNamesStatus valueOf(java.lang.String)
androidx.media3.ui.PlayerView: boolean getUseArtwork()