app/build/outputs/mapping/release/usage.txt
com.maxiptv.BuildConfig
com.maxiptv.MainActivity:
    public static final int $stable
    private static final void adjustScreenLayoutForLargeDisplays$applyPersisted(android.view.View,float,int)
    static synthetic void adjustScreenLayoutForLargeDisplays$resetIfNeeded$default(android.content.SharedPreferences,android.view.View,java.lang.String,int,java.lang.Object)
com.maxiptv.MaxiApp$Companion:
    public final void setDeviceCategory(java.lang.String)
    public final void setFireStick(boolean)
    public final void setFireStickOverscanPadding(int)
    public final void setFireStickSafeAreaPadding(int)
    public final void setNativeTv(boolean)
    public final void setPhone(boolean)
    public final void setProjector(boolean)
    public final void setTablet(boolean)
    public final void setTv(boolean)
    public final void setTvBox(boolean)
com.maxiptv.MaxiApp:
    public static final int $stable
    public static final synthetic void access$setDeviceCategory$cp(java.lang.String)
    public static final synthetic void access$setFireStick$cp(boolean)
    public static final synthetic void access$setFireStickOverscanPadding$cp(int)
    public static final synthetic void access$setFireStickSafeAreaPadding$cp(int)
    public static final synthetic void access$setNativeTv$cp(boolean)
    public static final synthetic void access$setPhone$cp(boolean)
    public static final synthetic void access$setProjector$cp(boolean)
    public static final synthetic void access$setTablet$cp(boolean)
    public static final synthetic void access$setTv$cp(boolean)
    public static final synthetic void access$setTvBox$cp(boolean)
com.maxiptv.R$color
com.maxiptv.R$dimen
com.maxiptv.R$drawable
com.maxiptv.R$integer
com.maxiptv.R$mipmap
com.maxiptv.R$string
com.maxiptv.R$xml
com.maxiptv.R
com.maxiptv.ui.components.SafeLayoutConstraints
com.maxiptv.ui.components.SafeLayoutKt$SafeBox$2
com.maxiptv.ui.components.SafeLayoutKt$SafeButton$1
com.maxiptv.ui.components.SafeLayoutKt$SafeButton$2
com.maxiptv.ui.components.SafeLayoutKt$SafeColumn$2
com.maxiptv.ui.components.SafeLayoutKt$SafeHorizontalScrollableRow$2
com.maxiptv.ui.components.SafeLayoutKt$SafeText$1
com.maxiptv.ui.components.SafeLayoutKt:
    public static final void SafeBox(androidx.compose.ui.Modifier,androidx.compose.ui.Alignment,kotlin.jvm.functions.Function3,androidx.compose.runtime.Composer,int,int)
    public static final void SafeButton(kotlin.jvm.functions.Function0,androidx.compose.ui.Modifier,boolean,kotlin.jvm.functions.Function3,androidx.compose.runtime.Composer,int,int)
    public static final void SafeColumn(androidx.compose.ui.Modifier,androidx.compose.foundation.layout.Arrangement$Vertical,androidx.compose.ui.Alignment$Horizontal,androidx.compose.foundation.layout.PaddingValues,kotlin.jvm.functions.Function3,androidx.compose.runtime.Composer,int,int)
    public static final void SafeHorizontalScrollableRow(androidx.compose.ui.Modifier,androidx.compose.foundation.layout.Arrangement$Horizontal,androidx.compose.foundation.layout.PaddingValues,kotlin.jvm.functions.Function3,androidx.compose.runtime.Composer,int,int)
    public static final void SafeText--d7PcZs(java.lang.String,androidx.compose.ui.Modifier,int,long,long,androidx.compose.ui.text.font.FontWeight,androidx.compose.runtime.Composer,int,int)
    public static final androidx.compose.ui.Modifier safeForTv(androidx.compose.ui.Modifier,androidx.compose.runtime.Composer,int)
    public static final androidx.compose.ui.Modifier safeText(androidx.compose.ui.Modifier,androidx.compose.runtime.Composer,int)
...
androidx.arch.core.executor.DefaultTaskExecutor$1:
    private static final java.lang.String THREAD_NAME_STEM
androidx.arch.core.executor.DefaultTaskExecutor$Api28Impl:
    private void <init>()
androidx.arch.core.executor.TaskExecutor:
    public void executeOnMainThread(java.lang.Runnable)
androidx.arch.core.util.Function
androidx.autofill.HintConstants
androidx.autofill.R$attr
androidx.autofill.R$color
androidx.autofill.R$dimen
androidx.autofill.R$drawable
androidx.autofill.R$id
androidx.autofill.R$integer
androidx.autofill.R$layout
androidx.autofill.R$string
androidx.autofill.R$style
androidx.autofill.R$styleable
androidx.autofill.R
androidx.collection.ArrayMap:
    public void <init>(androidx.collection.SimpleArrayMap)
androidx.collection.ArrayMapKt
androidx.collection.ArraySet:
    public void <init>(androidx.collection.ArraySet)
    public void <init>(java.util.Collection)
    public void <init>(java.lang.Object[])
    public final void addAll(androidx.collection.ArraySet)
    public final boolean removeAll(androidx.collection.ArraySet)
androidx.collection.ArraySetJvmUtil:
    private void <init>()
androidx.collection.ArraySetKt:
    public static final int ARRAY_SET_BASE_SIZE
    public static final void addAllInternal(androidx.collection.ArraySet,androidx.collection.ArraySet)
    public static final boolean addAllInternal(androidx.collection.ArraySet,java.util.Collection)
    public static final boolean addInternal(androidx.collection.ArraySet,java.lang.Object)
    public static final androidx.collection.ArraySet arraySetOf()
    public static final varargs androidx.collection.ArraySet arraySetOf(java.lang.Object[])
    public static final void clearInternal(androidx.collection.ArraySet)
    public static final boolean containsAllInternal(androidx.collection.ArraySet,java.util.Collection)
    public static final boolean containsInternal(androidx.collection.ArraySet,java.lang.Object)
    public static final void ensureCapacityInternal(androidx.collection.ArraySet,int)
    public static final boolean equalsInternal(androidx.collection.ArraySet,java.lang.Object)
    public static final int hashCodeInternal(androidx.collection.ArraySet)
    public static final int indexOfInternal(androidx.collection.ArraySet,java.lang.Object)
    public static final boolean isEmptyInternal(androidx.collection.ArraySet)
    public static final boolean removeAllInternal(androidx.collection.ArraySet,androidx.collection.ArraySet)
    public static final boolean removeAllInternal(androidx.collection.ArraySet,java.util.Collection)
androidx.collection.CircularArray
androidx.collection.CircularIntArray:
    public final void addFirst(int)
    public final int get(int)
    public final int getFirst()
    public final int getLast()
    public final int popLast()
    public final void removeFromEnd(int)
    public final void removeFromStart(int)
    public final int size()
androidx.collection.CollectionPlatformUtils:
    public final java.lang.IndexOutOfBoundsException createIndexOutOfBoundsException$collection()
androidx.collection.FloatFloatMap
androidx.collection.FloatFloatMapKt
androidx.collection.FloatFloatPair:
    public final long packedValue
    private synthetic void <init>(long)
    public static final synthetic androidx.collection.FloatFloatPair box-impl(long)
    public static final float component1-impl(long)
    public static final float component2-impl(long)
    public boolean equals(java.lang.Object)
    public static boolean equals-impl(long,java.lang.Object)
    public static final boolean equals-impl0(long,long)
    public static final float getFirst-impl(long)
    public static synthetic void getPackedValue$annotations()
    public static final float getSecond-impl(long)
    public int hashCode()
    public static int hashCode-impl(long)
    public java.lang.String toString()
    public static java.lang.String toString-impl(long)
    public final synthetic long unbox-impl()
androidx.collection.FloatIntMap